app/build/intermediates/manifest_merge_blame_file/debug/manifest-merger-blame-debug-report.txt
1<?xml version="1.0" encoding="utf-8"?>
2<manifest xmlns:android="http://schemas.android.com/apk/res/android"
3    package="com.example.firebasechat"
4    android:versionCode="1"
5    android:versionName="1.0" >
6
7    <uses-sdk
8        android:minSdkVersion="15"
8-->src\main\AndroidManifest.xml
9        android:targetSdkVersion="29" />
9-->src\main\AndroidManifest.xml
10
11    <uses-permission android:name="android.permission.ACCESS_NETWORK_STATE" />
11-->[com.google.firebase:firebase-storage:16.0.5] AndroidManifest.xml:23:5-79
11-->[com.google.firebase:firebase-storage:16.0.5] AndroidManifest.xml:23:22-76
12    <uses-permission android:name="android.permission.INTERNET" />
12-->[com.google.firebase:firebase-storage:16.0.5] AndroidManifest.xml:24:5-67
12-->[com.google.firebase:firebase-storage:16.0.5] AndroidManifest.xml:24:22-64
13    <uses-permission android:name="android.permission.WAKE_LOCK" />
13-->[com.google.firebase:firebase-measurement-connector-impl:17.0.3] AndroidManifest.xml:24:5-68
13-->[com.google.firebase:firebase-measurement-connector-impl:17.0.3] AndroidManifest.xml:24:22-65
14    <uses-permission android:name="com.google.android.finsky.permission.BIND_GET_INSTALL_REFERRER_SERVICE" /> <!-- Required by older versions of Google Play services to create IID tokens -->
14-->[com.google.firebase:firebase-analytics:16.0.5] AndroidManifest.xml:26:5-110
14-->[com.google.firebase:firebase-analytics:16.0.5] AndroidManifest.xml:26:22-107
15    <uses-permission android:name="com.google.android.c2dm.permission.RECEIVE" />
15-->[com.google.firebase:firebase-iid:17.0.3] AndroidManifest.xml:26:5-82
15-->[com.google.firebase:firebase-iid:17.0.3] AndroidManifest.xml:26:22-79
16
17    <application
17-->src\main\AndroidManifest.xml:5:5-20:19
18        android:allowBackup="true"
18-->src\main\AndroidManifest.xml:6:9-35
19        android:appComponentFactory="androidx.core.app.CoreComponentFactory"
19-->[androidx.core:core:1.0.1] AndroidManifest.xml:22:18-86
20        android:debuggable="true"
21        android:icon="@mipmap/ic_launcher"
21-->src\main\AndroidManifest.xml:7:9-43
22        android:label="@string/app_name"
22-->src\main\AndroidManifest.xml:8:9-41
23        android:roundIcon="@mipmap/ic_launcher_round"
23-->src\main\AndroidManifest.xml:9:9-54
24        android:supportsRtl="true"
24-->src\main\AndroidManifest.xml:10:9-35
25        android:testOnly="true"
26        android:theme="@style/AppTheme" >
26-->src\main\AndroidManifest.xml:11:9-40
27        <activity android:name="com.example.firebasechat.RegistroActivity" />
27-->src\main\AndroidManifest.xml:12:9-63
27-->src\main\AndroidManifest.xml:12:19-51
28        <activity android:name="com.example.firebasechat.MainActivity" >
28-->src\main\AndroidManifest.xml:13:9-19:20
28-->src\main\AndroidManifest.xml:13:19-47
29            <intent-filter>
29-->src\main\AndroidManifest.xml:14:13-18:29
30                <action android:name="android.intent.action.MAIN" />
30-->src\main\AndroidManifest.xml:15:17-69
30-->src\main\AndroidManifest.xml:15:25-66
31
32                <category android:name="android.intent.category.LAUNCHER" />
32-->src\main\AndroidManifest.xml:17:17-77
32-->src\main\AndroidManifest.xml:17:27-74
33            </intent-filter>
34        </activity>
35        <activity
35-->[com.google.firebase:firebase-auth:16.0.5] AndroidManifest.xml:24:9-31:50
36            android:name="com.google.firebase.auth.internal.FederatedSignInActivity"
36-->[com.google.firebase:firebase-auth:16.0.5] AndroidManifest.xml:25:13-85
37            android:excludeFromRecents="true"
37-->[com.google.firebase:firebase-auth:16.0.5] AndroidManifest.xml:26:13-46
38            android:exported="true"
38-->[com.google.firebase:firebase-auth:16.0.5] AndroidManifest.xml:27:13-36
39            android:launchMode="singleTask"
39-->[com.google.firebase:firebase-auth:16.0.5] AndroidManifest.xml:28:13-44
40            android:permission="com.google.firebase.auth.api.gms.permission.LAUNCH_FEDERATED_SIGN_IN"
40-->[com.google.firebase:firebase-auth:16.0.5] AndroidManifest.xml:29:13-102
41            android:theme="@android:style/Theme.Translucent.NoTitleBar" />
41-->[com.google.firebase:firebase-auth:16.0.5] AndroidManifest.xml:30:13-72
42
43        <service
43-->[com.google.firebase:firebase-auth:16.0.5] AndroidManifest.xml:33:9-39:19
44            android:name="com.google.firebase.components.ComponentDiscoveryService"
44-->[com.google.firebase:firebase-auth:16.0.5] AndroidManifest.xml:34:13-84
45            android:exported="false" >
45-->[com.google.firebase:firebase-auth:16.0.5] AndroidManifest.xml:35:13-37
46            <meta-data
46-->[com.google.firebase:firebase-auth:16.0.5] AndroidManifest.xml:36:13-38:85
47                android:name="com.google.firebase.components:com.google.firebase.auth.FirebaseAuthRegistrar"
47-->[com.google.firebase:firebase-auth:16.0.5] AndroidManifest.xml:37:17-109
48                android:value="com.google.firebase.components.ComponentRegistrar" />
48-->[com.google.firebase:firebase-auth:16.0.5] AndroidManifest.xml:38:17-82
49            <meta-data
49-->[com.google.firebase:firebase-measurement-connector-impl:17.0.3] AndroidManifest.xml:28:13-30:85
50                android:name="com.google.firebase.components:com.google.firebase.analytics.connector.internal.AnalyticsConnectorRegistrar"
50-->[com.google.firebase:firebase-measurement-connector-impl:17.0.3] AndroidManifest.xml:29:17-139
51                android:value="com.google.firebase.components.ComponentRegistrar" />
51-->[com.google.firebase:firebase-measurement-connector-impl:17.0.3] AndroidManifest.xml:30:17-82
52            <meta-data
52-->[com.google.firebase:firebase-iid:17.0.3] AndroidManifest.xml:32:13-34:85
53                android:name="com.google.firebase.components:com.google.firebase.iid.Registrar"
53-->[com.google.firebase:firebase-iid:17.0.3] AndroidManifest.xml:33:17-96
54                android:value="com.google.firebase.components.ComponentRegistrar" />
54-->[com.google.firebase:firebase-iid:17.0.3] AndroidManifest.xml:34:17-82
55        </service>
56
57        <receiver
57-->[com.google.firebase:firebase-analytics:16.0.5] AndroidManifest.xml:29:9-33:20
58            android:name="com.google.android.gms.measurement.AppMeasurementReceiver"
58-->[com.google.firebase:firebase-analytics:16.0.5] AndroidManifest.xml:30:13-85
59            android:enabled="true"
59-->[com.google.firebase:firebase-analytics:16.0.5] AndroidManifest.xml:31:13-35
60            android:exported="false" >
60-->[com.google.firebase:firebase-analytics:16.0.5] AndroidManifest.xml:32:13-37
61        </receiver>
62        <receiver
62-->[com.google.firebase:firebase-analytics:16.0.5] AndroidManifest.xml:34:9-42:20
63            android:name="com.google.android.gms.measurement.AppMeasurementInstallReferrerReceiver"
63-->[com.google.firebase:firebase-analytics:16.0.5] AndroidManifest.xml:35:13-100
64            android:enabled="true"
64-->[com.google.firebase:firebase-analytics:16.0.5] AndroidManifest.xml:36:13-35
65            android:exported="true"
65-->[com.google.firebase:firebase-analytics:16.0.5] AndroidManifest.xml:37:13-36
66            android:permission="android.permission.INSTALL_PACKAGES" >
66-->[com.google.firebase:firebase-analytics:16.0.5] AndroidManifest.xml:38:13-69
67            <intent-filter>
67-->[com.google.firebase:firebase-analytics:16.0.5] AndroidManifest.xml:39:13-41:29
68                <action android:name="com.android.vending.INSTALL_REFERRER" />
68-->[com.google.firebase:firebase-analytics:16.0.5] AndroidManifest.xml:40:17-79
68-->[com.google.firebase:firebase-analytics:16.0.5] AndroidManifest.xml:40:25-76
69            </intent-filter>
70        </receiver>
71
72        <service
72-->[com.google.firebase:firebase-analytics:16.0.5] AndroidManifest.xml:44:9-47:40
73            android:name="com.google.android.gms.measurement.AppMeasurementService"
73-->[com.google.firebase:firebase-analytics:16.0.5] AndroidManifest.xml:45:13-84
74            android:enabled="true"
74-->[com.google.firebase:firebase-analytics:16.0.5] AndroidManifest.xml:46:13-35
75            android:exported="false" />
75-->[com.google.firebase:firebase-analytics:16.0.5] AndroidManifest.xml:47:13-37
76        <service
76-->[com.google.firebase:firebase-analytics:16.0.5] AndroidManifest.xml:48:9-52:72
77            android:name="com.google.android.gms.measurement.AppMeasurementJobService"
77-->[com.google.firebase:firebase-analytics:16.0.5] AndroidManifest.xml:49:13-87
78            android:enabled="true"
78-->[com.google.firebase:firebase-analytics:16.0.5] AndroidManifest.xml:50:13-35
79            android:exported="false"
79-->[com.google.firebase:firebase-analytics:16.0.5] AndroidManifest.xml:51:13-37
80            android:permission="android.permission.BIND_JOB_SERVICE" />
80-->[com.google.firebase:firebase-analytics:16.0.5] AndroidManifest.xml:52:13-69
81
82        <receiver
82-->[com.google.firebase:firebase-iid:17.0.3] AndroidManifest.xml:37:9-44:20
83            android:name="com.google.firebase.iid.FirebaseInstanceIdReceiver"
83-->[com.google.firebase:firebase-iid:17.0.3] AndroidManifest.xml:38:13-78
84            android:exported="true"
84-->[com.google.firebase:firebase-iid:17.0.3] AndroidManifest.xml:39:13-36
85            android:permission="com.google.android.c2dm.permission.SEND" >
85-->[com.google.firebase:firebase-iid:17.0.3] AndroidManifest.xml:40:13-73
86            <intent-filter>
86-->[com.google.firebase:firebase-iid:17.0.3] AndroidManifest.xml:41:13-43:29
87                <action android:name="com.google.android.c2dm.intent.RECEIVE" />
87-->[com.google.firebase:firebase-iid:17.0.3] AndroidManifest.xml:42:17-81
87-->[com.google.firebase:firebase-iid:17.0.3] AndroidManifest.xml:42:25-78
88            </intent-filter>
89        </receiver>
90        <!--
91             FirebaseInstanceIdService performs security checks at runtime,
92             no need for explicit permissions despite exported="true"
93        -->
94        <service
94-->[com.google.firebase:firebase-iid:17.0.3] AndroidManifest.xml:50:9-56:19
95            android:name="com.google.firebase.iid.FirebaseInstanceIdService"
95-->[com.google.firebase:firebase-iid:17.0.3] AndroidManifest.xml:51:13-77
96            android:exported="true" >
96-->[com.google.firebase:firebase-iid:17.0.3] AndroidManifest.xml:52:13-36
97            <intent-filter android:priority="-500" >
97-->[com.google.firebase:firebase-iid:17.0.3] AndroidManifest.xml:53:13-55:29
97-->[com.google.firebase:firebase-iid:17.0.3] AndroidManifest.xml:53:28-51
98                <action android:name="com.google.firebase.INSTANCE_ID_EVENT" />
98-->[com.google.firebase:firebase-iid:17.0.3] AndroidManifest.xml:54:17-80
98-->[com.google.firebase:firebase-iid:17.0.3] AndroidManifest.xml:54:25-77
99            </intent-filter>
100        </service>
101
102        <activity
102-->[com.google.android.gms:play-services-base:16.0.1] AndroidManifest.xml:23:9-26:75
103            android:name="com.google.android.gms.common.api.GoogleApiActivity"
103-->[com.google.android.gms:play-services-base:16.0.1] AndroidManifest.xml:24:13-79
104            android:exported="false"
104-->[com.google.android.gms:play-services-base:16.0.1] AndroidManifest.xml:25:13-37
105            android:theme="@android:style/Theme.Translucent.NoTitleBar" />
105-->[com.google.android.gms:play-services-base:16.0.1] AndroidManifest.xml:26:13-72
106
107        <provider
107-->[com.google.firebase:firebase-common:16.0.4] AndroidManifest.xml:10:9-14:39
108            android:name="com.google.firebase.provider.FirebaseInitProvider"
108-->[com.google.firebase:firebase-common:16.0.4] AndroidManifest.xml:11:13-77
109            android:authorities="com.example.firebasechat.firebaseinitprovider"
109-->[com.google.firebase:firebase-common:16.0.4] AndroidManifest.xml:12:13-72
110            android:exported="false"
110-->[com.google.firebase:firebase-common:16.0.4] AndroidManifest.xml:13:13-37
111            android:initOrder="100" />
111-->[com.google.firebase:firebase-common:16.0.4] AndroidManifest.xml:14:13-36
112
113        <meta-data
113-->[com.google.android.gms:play-services-basement:16.1.0] AndroidManifest.xml:23:9-25:69
114            android:name="com.google.android.gms.version"
114-->[com.google.android.gms:play-services-basement:16.1.0] AndroidManifest.xml:24:13-58
115            android:value="@integer/google_play_services_version" />
115-->[com.google.android.gms:play-services-basement:16.1.0] AndroidManifest.xml:25:13-66
116    </application>
117
118</manifest>